The system is: Linux - 4.19.128-microsoft-standard - x86_64
Compiling the C compiler identification source file "CMakeCCompilerId.c" succeeded.
Compiler: /bin/clang-12 
Build flags: 
Id flags:  

The output was:
0


Compilation of the C compiler identification source "CMakeCCompilerId.c" produced "a.out"

The C compiler identification is Clang, found in "/home/sames/Projects/sandbox/build/CMakeFiles/3.16.3/CompilerIdC/a.out"

Compiling the CXX compiler identification source file "CMakeCXXCompilerId.cpp" succeeded.
Compiler: /bin/clang++-12 
Build flags: 
Id flags:  

The output was:
0


Compilation of the CXX compiler identification source "CMakeCXXCompilerId.cpp" produced "a.out"

The CXX compiler identification is Clang, found in "/home/sames/Projects/sandbox/build/CMakeFiles/3.16.3/CompilerIdCXX/a.out"

Determining if the C compiler works passed with the following output:
Change Dir: /home/sames/Projects/sandbox/build/CMakeFiles/CMakeTmp

Run Build Command(s):/usr/bin/ninja cmTC_c10ff && [1/2] Building C object CMakeFiles/cmTC_c10ff.dir/testCCompiler.c.o
[2/2] Linking C executable cmTC_c10ff



Detecting C compiler ABI info compiled with the following output:
Change Dir: /home/sames/Projects/sandbox/build/CMakeFiles/CMakeTmp

Run Build Command(s):/usr/bin/ninja cmTC_c9629 && [1/2] Building C object CMakeFiles/cmTC_c9629.dir/CMakeCCompilerABI.c.o
Ubuntu clang version 12.0.1-++20210430092630+0cbbf06b6256-1~exp1~20210430073344.78
Target: x86_64-pc-linux-gnu
Thread model: posix
InstalledDir: /bin
Found candidate GCC installation: /bin/../lib/gcc/x86_64-linux-gnu/10
Found candidate GCC installation: /bin/../lib/gcc/x86_64-linux-gnu/9
Found candidate GCC installation: /usr/lib/gcc/x86_64-linux-gnu/10
Found candidate GCC installation: /usr/lib/gcc/x86_64-linux-gnu/9
Selected GCC installation: /bin/../lib/gcc/x86_64-linux-gnu/10
Candidate multilib: .;@m64
Selected multilib: .;@m64
 (in-process)
 "/usr/lib/llvm-12/bin/clang" -cc1 -triple x86_64-pc-linux-gnu -emit-obj -mrelax-all --mrelax-relocations -disable-free -disable-llvm-verifier -discard-value-names -main-file-name CMakeCCompilerABI.c -mrelocation-model static -mframe-pointer=all -fmath-errno -fno-rounding-math -mconstructor-aliases -munwind-tables -target-cpu x86-64 -tune-cpu generic -fno-split-dwarf-inlining -debugger-tuning=gdb -v -resource-dir /usr/lib/llvm-12/lib/clang/12.0.1 -internal-isystem /usr/local/include -internal-isystem /usr/lib/llvm-12/lib/clang/12.0.1/include -internal-externc-isystem /usr/include/x86_64-linux-gnu -internal-externc-isystem /include -internal-externc-isystem /usr/include -fdebug-compilation-dir /home/sames/Projects/sandbox/build/CMakeFiles/CMakeTmp -ferror-limit 19 -fgnuc-version=4.2.1 -faddrsig -o CMakeFiles/cmTC_c9629.dir/CMakeCCompilerABI.c.o -x c /usr/share/cmake-3.16/Modules/CMakeCCompilerABI.c
clang -cc1 version 12.0.1 based upon LLVM 12.0.1 default target x86_64-pc-linux-gnu
ignoring nonexistent directory "/include"
#include "..." search starts here:
#include <...> search starts here:
 /usr/local/include
 /usr/lib/llvm-12/lib/clang/12.0.1/include
 /usr/include/x86_64-linux-gnu
 /usr/include
End of search list.
[2/2] Linking C executable cmTC_c9629
Ubuntu clang version 12.0.1-++20210430092630+0cbbf06b6256-1~exp1~20210430073344.78
Target: x86_64-pc-linux-gnu
Thread model: posix
InstalledDir: /bin
Found candidate GCC installation: /bin/../lib/gcc/x86_64-linux-gnu/10
Found candidate GCC installation: /bin/../lib/gcc/x86_64-linux-gnu/9
Found candidate GCC installation: /usr/lib/gcc/x86_64-linux-gnu/10
Found candidate GCC installation: /usr/lib/gcc/x86_64-linux-gnu/9
Selected GCC installation: /bin/../lib/gcc/x86_64-linux-gnu/10
Candidate multilib: .;@m64
Selected multilib: .;@m64
 "/bin/ld" -export-dynamic -z relro --hash-style=gnu --build-id --eh-frame-hdr -m elf_x86_64 -export-dynamic -dynamic-linker /lib64/ld-linux-x86-64.so.2 -o cmTC_c9629 /bin/../lib/gcc/x86_64-linux-gnu/10/../../../x86_64-linux-gnu/crt1.o /bin/../lib/gcc/x86_64-linux-gnu/10/../../../x86_64-linux-gnu/crti.o /bin/../lib/gcc/x86_64-linux-gnu/10/crtbegin.o -L/bin/../lib/gcc/x86_64-linux-gnu/10 -L/bin/../lib/gcc/x86_64-linux-gnu/10/../../../x86_64-linux-gnu -L/bin/../lib/gcc/x86_64-linux-gnu/10/../../../../lib64 -L/lib/x86_64-linux-gnu -L/lib/../lib64 -L/usr/lib/x86_64-linux-gnu -L/usr/lib/../lib64 -L/usr/lib/x86_64-linux-gnu/../../lib64 -L/bin/../lib/gcc/x86_64-linux-gnu/10/../../.. -L/usr/lib/llvm-12/bin/../lib -L/lib -L/usr/lib CMakeFiles/cmTC_c9629.dir/CMakeCCompilerABI.c.o -lgcc --as-needed -lgcc_s --no-as-needed -lc -lgcc --as-needed -lgcc_s --no-as-needed /bin/../lib/gcc/x86_64-linux-gnu/10/crtend.o /bin/../lib/gcc/x86_64-linux-gnu/10/../../../x86_64-linux-gnu/crtn.o



Parsed C implicit include dir info from above output: rv=done
  found start of include info
  found start of implicit include info
    add: [/usr/local/include]
    add: [/usr/lib/llvm-12/lib/clang/12.0.1/include]
    add: [/usr/include/x86_64-linux-gnu]
    add: [/usr/include]
  end of search list found
  collapse include dir [/usr/local/include] ==> [/usr/local/include]
  collapse include dir [/usr/lib/llvm-12/lib/clang/12.0.1/include] ==> [/usr/lib/llvm-12/lib/clang/12.0.1/include]
  collapse include dir [/usr/include/x86_64-linux-gnu] ==> [/usr/include/x86_64-linux-gnu]
  collapse include dir [/usr/include] ==> [/usr/include]
  implicit include dirs: [/usr/local/include;/usr/lib/llvm-12/lib/clang/12.0.1/include;/usr/include/x86_64-linux-gnu;/usr/include]


Parsed C implicit link information from above output:
  link line regex: [^( *|.*[/\])(ld|CMAKE_LINK_STARTFILE-NOTFOUND|([^/\]+-)?ld|collect2)[^/\]*( |$)]
  ignore line: [Change Dir: /home/sames/Projects/sandbox/build/CMakeFiles/CMakeTmp]
  ignore line: []
  ignore line: [Run Build Command(s):/usr/bin/ninja cmTC_c9629 && [1/2] Building C object CMakeFiles/cmTC_c9629.dir/CMakeCCompilerABI.c.o]
  ignore line: [Ubuntu clang version 12.0.1-++20210430092630+0cbbf06b6256-1~exp1~20210430073344.78]
  ignore line: [Target: x86_64-pc-linux-gnu]
  ignore line: [Thread model: posix]
  ignore line: [InstalledDir: /bin]
  ignore line: [Found candidate GCC installation: /bin/../lib/gcc/x86_64-linux-gnu/10]
  ignore line: [Found candidate GCC installation: /bin/../lib/gcc/x86_64-linux-gnu/9]
  ignore line: [Found candidate GCC installation: /usr/lib/gcc/x86_64-linux-gnu/10]
  ignore line: [Found candidate GCC installation: /usr/lib/gcc/x86_64-linux-gnu/9]
  ignore line: [Selected GCC installation: /bin/../lib/gcc/x86_64-linux-gnu/10]
  ignore line: [Candidate multilib: .]
  ignore line: [@m64]
  ignore line: [Selected multilib: .]
  ignore line: [@m64]
  ignore line: [ (in-process)]
  ignore line: [ "/usr/lib/llvm-12/bin/clang" -cc1 -triple x86_64-pc-linux-gnu -emit-obj -mrelax-all --mrelax-relocations -disable-free -disable-llvm-verifier -discard-value-names -main-file-name CMakeCCompilerABI.c -mrelocation-model static -mframe-pointer=all -fmath-errno -fno-rounding-math -mconstructor-aliases -munwind-tables -target-cpu x86-64 -tune-cpu generic -fno-split-dwarf-inlining -debugger-tuning=gdb -v -resource-dir /usr/lib/llvm-12/lib/clang/12.0.1 -internal-isystem /usr/local/include -internal-isystem /usr/lib/llvm-12/lib/clang/12.0.1/include -internal-externc-isystem /usr/include/x86_64-linux-gnu -internal-externc-isystem /include -internal-externc-isystem /usr/include -fdebug-compilation-dir /home/sames/Projects/sandbox/build/CMakeFiles/CMakeTmp -ferror-limit 19 -fgnuc-version=4.2.1 -faddrsig -o CMakeFiles/cmTC_c9629.dir/CMakeCCompilerABI.c.o -x c /usr/share/cmake-3.16/Modules/CMakeCCompilerABI.c]
  ignore line: [clang -cc1 version 12.0.1 based upon LLVM 12.0.1 default target x86_64-pc-linux-gnu]
  ignore line: [ignoring nonexistent directory "/include"]
  ignore line: [#include "..." search starts here:]
  ignore line: [#include <...> search starts here:]
  ignore line: [ /usr/local/include]
  ignore line: [ /usr/lib/llvm-12/lib/clang/12.0.1/include]
  ignore line: [ /usr/include/x86_64-linux-gnu]
  ignore line: [ /usr/include]
  ignore line: [End of search list.]
  ignore line: [[2/2] Linking C executable cmTC_c9629]
  ignore line: [Ubuntu clang version 12.0.1-++20210430092630+0cbbf06b6256-1~exp1~20210430073344.78]
  ignore line: [Target: x86_64-pc-linux-gnu]
  ignore line: [Thread model: posix]
  ignore line: [InstalledDir: /bin]
  ignore line: [Found candidate GCC installation: /bin/../lib/gcc/x86_64-linux-gnu/10]
  ignore line: [Found candidate GCC installation: /bin/../lib/gcc/x86_64-linux-gnu/9]
  ignore line: [Found candidate GCC installation: /usr/lib/gcc/x86_64-linux-gnu/10]
  ignore line: [Found candidate GCC installation: /usr/lib/gcc/x86_64-linux-gnu/9]
  ignore line: [Selected GCC installation: /bin/../lib/gcc/x86_64-linux-gnu/10]
  ignore line: [Candidate multilib: .]
  ignore line: [@m64]
  ignore line: [Selected multilib: .]
  ignore line: [@m64]
  link line: [ "/bin/ld" -export-dynamic -z relro --hash-style=gnu --build-id --eh-frame-hdr -m elf_x86_64 -export-dynamic -dynamic-linker /lib64/ld-linux-x86-64.so.2 -o cmTC_c9629 /bin/../lib/gcc/x86_64-linux-gnu/10/../../../x86_64-linux-gnu/crt1.o /bin/../lib/gcc/x86_64-linux-gnu/10/../../../x86_64-linux-gnu/crti.o /bin/../lib/gcc/x86_64-linux-gnu/10/crtbegin.o -L/bin/../lib/gcc/x86_64-linux-gnu/10 -L/bin/../lib/gcc/x86_64-linux-gnu/10/../../../x86_64-linux-gnu -L/bin/../lib/gcc/x86_64-linux-gnu/10/../../../../lib64 -L/lib/x86_64-linux-gnu -L/lib/../lib64 -L/usr/lib/x86_64-linux-gnu -L/usr/lib/../lib64 -L/usr/lib/x86_64-linux-gnu/../../lib64 -L/bin/../lib/gcc/x86_64-linux-gnu/10/../../.. -L/usr/lib/llvm-12/bin/../lib -L/lib -L/usr/lib CMakeFiles/cmTC_c9629.dir/CMakeCCompilerABI.c.o -lgcc --as-needed -lgcc_s --no-as-needed -lc -lgcc --as-needed -lgcc_s --no-as-needed /bin/../lib/gcc/x86_64-linux-gnu/10/crtend.o /bin/../lib/gcc/x86_64-linux-gnu/10/../../../x86_64-linux-gnu/crtn.o]
    arg [/bin/ld] ==> ignore
    arg [-export-dynamic] ==> ignore
    arg [-zrelro] ==> ignore
    arg [--hash-style=gnu] ==> ignore
    arg [--build-id] ==> ignore
    arg [--eh-frame-hdr] ==> ignore
    arg [-m] ==> ignore
    arg [elf_x86_64] ==> ignore
    arg [-export-dynamic] ==> ignore
    arg [-dynamic-linker] ==> ignore
    arg [/lib64/ld-linux-x86-64.so.2] ==> ignore
    arg [-o] ==> ignore
    arg [cmTC_c9629] ==> ignore
    arg [/bin/../lib/gcc/x86_64-linux-gnu/10/../../../x86_64-linux-gnu/crt1.o] ==> ignore
    arg [/bin/../lib/gcc/x86_64-linux-gnu/10/../../../x86_64-linux-gnu/crti.o] ==> ignore
    arg [/bin/../lib/gcc/x86_64-linux-gnu/10/crtbegin.o] ==> ignore
    arg [-L/bin/../lib/gcc/x86_64-linux-gnu/10] ==> dir [/bin/../lib/gcc/x86_64-linux-gnu/10]
    arg [-L/bin/../lib/gcc/x86_64-linux-gnu/10/../../../x86_64-linux-gnu] ==> dir [/bin/../lib/gcc/x86_64-linux-gnu/10/../../../x86_64-linux-gnu]
    arg [-L/bin/../lib/gcc/x86_64-linux-gnu/10/../../../../lib64] ==> dir [/bin/../lib/gcc/x86_64-linux-gnu/10/../../../../lib64]
    arg [-L/lib/x86_64-linux-gnu] ==> dir [/lib/x86_64-linux-gnu]
    arg [-L/lib/../lib64] ==> dir [/lib/../lib64]
    arg [-L/usr/lib/x86_64-linux-gnu] ==> dir [/usr/lib/x86_64-linux-gnu]
    arg [-L/usr/lib/../lib64] ==> dir [/usr/lib/../lib64]
    arg [-L/usr/lib/x86_64-linux-gnu/../../lib64] ==> dir [/usr/lib/x86_64-linux-gnu/../../lib64]
    arg [-L/bin/../lib/gcc/x86_64-linux-gnu/10/../../..] ==> dir [/bin/../lib/gcc/x86_64-linux-gnu/10/../../..]
    arg [-L/usr/lib/llvm-12/bin/../lib] ==> dir [/usr/lib/llvm-12/bin/../lib]
    arg [-L/lib] ==> dir [/lib]
    arg [-L/usr/lib] ==> dir [/usr/lib]
    arg [CMakeFiles/cmTC_c9629.dir/CMakeCCompilerABI.c.o] ==> ignore
    arg [-lgcc] ==> lib [gcc]
    arg [--as-needed] ==> ignore
    arg [-lgcc_s] ==> lib [gcc_s]
    arg [--no-as-needed] ==> ignore
    arg [-lc] ==> lib [c]
    arg [-lgcc] ==> lib [gcc]
    arg [--as-needed] ==> ignore
    arg [-lgcc_s] ==> lib [gcc_s]
    arg [--no-as-needed] ==> ignore
    arg [/bin/../lib/gcc/x86_64-linux-gnu/10/crtend.o] ==> ignore
    arg [/bin/../lib/gcc/x86_64-linux-gnu/10/../../../x86_64-linux-gnu/crtn.o] ==> ignore
  collapse library dir [/bin/../lib/gcc/x86_64-linux-gnu/10] ==> [/lib/gcc/x86_64-linux-gnu/10]
  collapse library dir [/bin/../lib/gcc/x86_64-linux-gnu/10/../../../x86_64-linux-gnu] ==> [/lib/x86_64-linux-gnu]
  collapse library dir [/bin/../lib/gcc/x86_64-linux-gnu/10/../../../../lib64] ==> [/lib64]
  collapse library dir [/lib/x86_64-linux-gnu] ==> [/lib/x86_64-linux-gnu]
  collapse library dir [/lib/../lib64] ==> [/lib64]
  collapse library dir [/usr/lib/x86_64-linux-gnu] ==> [/usr/lib/x86_64-linux-gnu]
  collapse library dir [/usr/lib/../lib64] ==> [/usr/lib64]
  collapse library dir [/usr/lib/x86_64-linux-gnu/../../lib64] ==> [/usr/lib64]
  collapse library dir [/bin/../lib/gcc/x86_64-linux-gnu/10/../../..] ==> [/lib]
  collapse library dir [/usr/lib/llvm-12/bin/../lib] ==> [/usr/lib/llvm-12/lib]
  collapse library dir [/lib] ==> [/lib]
  collapse library dir [/usr/lib] ==> [/usr/lib]
  implicit libs: [gcc;gcc_s;c;gcc;gcc_s]
  implicit dirs: [/lib/gcc/x86_64-linux-gnu/10;/lib/x86_64-linux-gnu;/lib64;/usr/lib/x86_64-linux-gnu;/usr/lib64;/lib;/usr/lib/llvm-12/lib;/usr/lib]
  implicit fwks: []


Determining if the CXX compiler works passed with the following output:
Change Dir: /home/sames/Projects/sandbox/build/CMakeFiles/CMakeTmp

Run Build Command(s):/usr/bin/ninja cmTC_0cda2 && [1/2] Building CXX object CMakeFiles/cmTC_0cda2.dir/testCXXCompiler.cxx.o
[2/2] Linking CXX executable cmTC_0cda2



Detecting CXX compiler ABI info compiled with the following output:
Change Dir: /home/sames/Projects/sandbox/build/CMakeFiles/CMakeTmp

Run Build Command(s):/usr/bin/ninja cmTC_3fb33 && [1/2] Building CXX object CMakeFiles/cmTC_3fb33.dir/CMakeCXXCompilerABI.cpp.o
Ubuntu clang version 12.0.1-++20210430092630+0cbbf06b6256-1~exp1~20210430073344.78
Target: x86_64-pc-linux-gnu
Thread model: posix
InstalledDir: /bin
Found candidate GCC installation: /bin/../lib/gcc/x86_64-linux-gnu/10
Found candidate GCC installation: /bin/../lib/gcc/x86_64-linux-gnu/9
Found candidate GCC installation: /usr/lib/gcc/x86_64-linux-gnu/10
Found candidate GCC installation: /usr/lib/gcc/x86_64-linux-gnu/9
Selected GCC installation: /bin/../lib/gcc/x86_64-linux-gnu/10
Candidate multilib: .;@m64
Selected multilib: .;@m64
 (in-process)
 "/usr/lib/llvm-12/bin/clang" -cc1 -triple x86_64-pc-linux-gnu -emit-obj -mrelax-all --mrelax-relocations -disable-free -disable-llvm-verifier -discard-value-names -main-file-name CMakeCXXCompilerABI.cpp -mrelocation-model static -mframe-pointer=all -fmath-errno -fno-rounding-math -mconstructor-aliases -munwind-tables -target-cpu x86-64 -tune-cpu generic -fno-split-dwarf-inlining -debugger-tuning=gdb -v -resource-dir /usr/lib/llvm-12/lib/clang/12.0.1 -internal-isystem /bin/../lib/gcc/x86_64-linux-gnu/10/../../../../include/c++/10 -internal-isystem /bin/../lib/gcc/x86_64-linux-gnu/10/../../../../include/x86_64-linux-gnu/c++/10 -internal-isystem /bin/../lib/gcc/x86_64-linux-gnu/10/../../../../include/x86_64-linux-gnu/c++/10 -internal-isystem /bin/../lib/gcc/x86_64-linux-gnu/10/../../../../include/c++/10/backward -internal-isystem /usr/local/include -internal-isystem /usr/lib/llvm-12/lib/clang/12.0.1/include -internal-externc-isystem /usr/include/x86_64-linux-gnu -internal-externc-isystem /include -internal-externc-isystem /usr/include -fdeprecated-macro -fdebug-compilation-dir /home/sames/Projects/sandbox/build/CMakeFiles/CMakeTmp -ferror-limit 19 -fgnuc-version=4.2.1 -fcxx-exceptions -fexceptions -faddrsig -o CMakeFiles/cmTC_3fb33.dir/CMakeCXXCompilerABI.cpp.o -x c++ /usr/share/cmake-3.16/Modules/CMakeCXXCompilerABI.cpp
clang -cc1 version 12.0.1 based upon LLVM 12.0.1 default target x86_64-pc-linux-gnu
ignoring nonexistent directory "/include"
ignoring duplicate directory "/bin/../lib/gcc/x86_64-linux-gnu/10/../../../../include/x86_64-linux-gnu/c++/10"
#include "..." search starts here:
#include <...> search starts here:
 /bin/../lib/gcc/x86_64-linux-gnu/10/../../../../include/c++/10
 /bin/../lib/gcc/x86_64-linux-gnu/10/../../../../include/x86_64-linux-gnu/c++/10
 /bin/../lib/gcc/x86_64-linux-gnu/10/../../../../include/c++/10/backward
 /usr/local/include
 /usr/lib/llvm-12/lib/clang/12.0.1/include
 /usr/include/x86_64-linux-gnu
 /usr/include
End of search list.
[2/2] Linking CXX executable cmTC_3fb33
Ubuntu clang version 12.0.1-++20210430092630+0cbbf06b6256-1~exp1~20210430073344.78
Target: x86_64-pc-linux-gnu
Thread model: posix
InstalledDir: /bin
Found candidate GCC installation: /bin/../lib/gcc/x86_64-linux-gnu/10
Found candidate GCC installation: /bin/../lib/gcc/x86_64-linux-gnu/9
Found candidate GCC installation: /usr/lib/gcc/x86_64-linux-gnu/10
Found candidate GCC installation: /usr/lib/gcc/x86_64-linux-gnu/9
Selected GCC installation: /bin/../lib/gcc/x86_64-linux-gnu/10
Candidate multilib: .;@m64
Selected multilib: .;@m64
 "/bin/ld" -export-dynamic -z relro --hash-style=gnu --build-id --eh-frame-hdr -m elf_x86_64 -export-dynamic -dynamic-linker /lib64/ld-linux-x86-64.so.2 -o cmTC_3fb33 /bin/../lib/gcc/x86_64-linux-gnu/10/../../../x86_64-linux-gnu/crt1.o /bin/../lib/gcc/x86_64-linux-gnu/10/../../../x86_64-linux-gnu/crti.o /bin/../lib/gcc/x86_64-linux-gnu/10/crtbegin.o -L/bin/../lib/gcc/x86_64-linux-gnu/10 -L/bin/../lib/gcc/x86_64-linux-gnu/10/../../../x86_64-linux-gnu -L/bin/../lib/gcc/x86_64-linux-gnu/10/../../../../lib64 -L/lib/x86_64-linux-gnu -L/lib/../lib64 -L/usr/lib/x86_64-linux-gnu -L/usr/lib/../lib64 -L/usr/lib/x86_64-linux-gnu/../../lib64 -L/bin/../lib/gcc/x86_64-linux-gnu/10/../../.. -L/usr/lib/llvm-12/bin/../lib -L/lib -L/usr/lib CMakeFiles/cmTC_3fb33.dir/CMakeCXXCompilerABI.cpp.o -lstdc++ -lm -lgcc_s -lgcc -lc -lgcc_s -lgcc /bin/../lib/gcc/x86_64-linux-gnu/10/crtend.o /bin/../lib/gcc/x86_64-linux-gnu/10/../../../x86_64-linux-gnu/crtn.o



Parsed CXX implicit include dir info from above output: rv=done
  found start of include info
  found start of implicit include info
    add: [/bin/../lib/gcc/x86_64-linux-gnu/10/../../../../include/c++/10]
    add: [/bin/../lib/gcc/x86_64-linux-gnu/10/../../../../include/x86_64-linux-gnu/c++/10]
    add: [/bin/../lib/gcc/x86_64-linux-gnu/10/../../../../include/c++/10/backward]
    add: [/usr/local/include]
    add: [/usr/lib/llvm-12/lib/clang/12.0.1/include]
    add: [/usr/include/x86_64-linux-gnu]
    add: [/usr/include]
  end of search list found
  collapse include dir [/bin/../lib/gcc/x86_64-linux-gnu/10/../../../../include/c++/10] ==> [/include/c++/10]
  collapse include dir [/bin/../lib/gcc/x86_64-linux-gnu/10/../../../../include/x86_64-linux-gnu/c++/10] ==> [/include/x86_64-linux-gnu/c++/10]
  collapse include dir [/bin/../lib/gcc/x86_64-linux-gnu/10/../../../../include/c++/10/backward] ==> [/include/c++/10/backward]
  collapse include dir [/usr/local/include] ==> [/usr/local/include]
  collapse include dir [/usr/lib/llvm-12/lib/clang/12.0.1/include] ==> [/usr/lib/llvm-12/lib/clang/12.0.1/include]
  collapse include dir [/usr/include/x86_64-linux-gnu] ==> [/usr/include/x86_64-linux-gnu]
  collapse include dir [/usr/include] ==> [/usr/include]
  implicit include dirs: [/include/c++/10;/include/x86_64-linux-gnu/c++/10;/include/c++/10/backward;/usr/local/include;/usr/lib/llvm-12/lib/clang/12.0.1/include;/usr/include/x86_64-linux-gnu;/usr/include]


Parsed CXX implicit link information from above output:
  link line regex: [^( *|.*[/\])(ld|CMAKE_LINK_STARTFILE-NOTFOUND|([^/\]+-)?ld|collect2)[^/\]*( |$)]
  ignore line: [Change Dir: /home/sames/Projects/sandbox/build/CMakeFiles/CMakeTmp]
  ignore line: []
  ignore line: [Run Build Command(s):/usr/bin/ninja cmTC_3fb33 && [1/2] Building CXX object CMakeFiles/cmTC_3fb33.dir/CMakeCXXCompilerABI.cpp.o]
  ignore line: [Ubuntu clang version 12.0.1-++20210430092630+0cbbf06b6256-1~exp1~20210430073344.78]
  ignore line: [Target: x86_64-pc-linux-gnu]
  ignore line: [Thread model: posix]
  ignore line: [InstalledDir: /bin]
  ignore line: [Found candidate GCC installation: /bin/../lib/gcc/x86_64-linux-gnu/10]
  ignore line: [Found candidate GCC installation: /bin/../lib/gcc/x86_64-linux-gnu/9]
  ignore line: [Found candidate GCC installation: /usr/lib/gcc/x86_64-linux-gnu/10]
  ignore line: [Found candidate GCC installation: /usr/lib/gcc/x86_64-linux-gnu/9]
  ignore line: [Selected GCC installation: /bin/../lib/gcc/x86_64-linux-gnu/10]
  ignore line: [Candidate multilib: .]
  ignore line: [@m64]
  ignore line: [Selected multilib: .]
  ignore line: [@m64]
  ignore line: [ (in-process)]
  ignore line: [ "/usr/lib/llvm-12/bin/clang" -cc1 -triple x86_64-pc-linux-gnu -emit-obj -mrelax-all --mrelax-relocations -disable-free -disable-llvm-verifier -discard-value-names -main-file-name CMakeCXXCompilerABI.cpp -mrelocation-model static -mframe-pointer=all -fmath-errno -fno-rounding-math -mconstructor-aliases -munwind-tables -target-cpu x86-64 -tune-cpu generic -fno-split-dwarf-inlining -debugger-tuning=gdb -v -resource-dir /usr/lib/llvm-12/lib/clang/12.0.1 -internal-isystem /bin/../lib/gcc/x86_64-linux-gnu/10/../../../../include/c++/10 -internal-isystem /bin/../lib/gcc/x86_64-linux-gnu/10/../../../../include/x86_64-linux-gnu/c++/10 -internal-isystem /bin/../lib/gcc/x86_64-linux-gnu/10/../../../../include/x86_64-linux-gnu/c++/10 -internal-isystem /bin/../lib/gcc/x86_64-linux-gnu/10/../../../../include/c++/10/backward -internal-isystem /usr/local/include -internal-isystem /usr/lib/llvm-12/lib/clang/12.0.1/include -internal-externc-isystem /usr/include/x86_64-linux-gnu -internal-externc-isystem /include -internal-externc-isystem /usr/include -fdeprecated-macro -fdebug-compilation-dir /home/sames/Projects/sandbox/build/CMakeFiles/CMakeTmp -ferror-limit 19 -fgnuc-version=4.2.1 -fcxx-exceptions -fexceptions -faddrsig -o CMakeFiles/cmTC_3fb33.dir/CMakeCXXCompilerABI.cpp.o -x c++ /usr/share/cmake-3.16/Modules/CMakeCXXCompilerABI.cpp]
  ignore line: [clang -cc1 version 12.0.1 based upon LLVM 12.0.1 default target x86_64-pc-linux-gnu]
  ignore line: [ignoring nonexistent directory "/include"]
  ignore line: [ignoring duplicate directory "/bin/../lib/gcc/x86_64-linux-gnu/10/../../../../include/x86_64-linux-gnu/c++/10"]
  ignore line: [#include "..." search starts here:]
  ignore line: [#include <...> search starts here:]
  ignore line: [ /bin/../lib/gcc/x86_64-linux-gnu/10/../../../../include/c++/10]
  ignore line: [ /bin/../lib/gcc/x86_64-linux-gnu/10/../../../../include/x86_64-linux-gnu/c++/10]
  ignore line: [ /bin/../lib/gcc/x86_64-linux-gnu/10/../../../../include/c++/10/backward]
  ignore line: [ /usr/local/include]
  ignore line: [ /usr/lib/llvm-12/lib/clang/12.0.1/include]
  ignore line: [ /usr/include/x86_64-linux-gnu]
  ignore line: [ /usr/include]
  ignore line: [End of search list.]
  ignore line: [[2/2] Linking CXX executable cmTC_3fb33]
  ignore line: [Ubuntu clang version 12.0.1-++20210430092630+0cbbf06b6256-1~exp1~20210430073344.78]
  ignore line: [Target: x86_64-pc-linux-gnu]
  ignore line: [Thread model: posix]
  ignore line: [InstalledDir: /bin]
  ignore line: [Found candidate GCC installation: /bin/../lib/gcc/x86_64-linux-gnu/10]
  ignore line: [Found candidate GCC installation: /bin/../lib/gcc/x86_64-linux-gnu/9]
  ignore line: [Found candidate GCC installation: /usr/lib/gcc/x86_64-linux-gnu/10]
  ignore line: [Found candidate GCC installation: /usr/lib/gcc/x86_64-linux-gnu/9]
  ignore line: [Selected GCC installation: /bin/../lib/gcc/x86_64-linux-gnu/10]
  ignore line: [Candidate multilib: .]
  ignore line: [@m64]
  ignore line: [Selected multilib: .]
  ignore line: [@m64]
  link line: [ "/bin/ld" -export-dynamic -z relro --hash-style=gnu --build-id --eh-frame-hdr -m elf_x86_64 -export-dynamic -dynamic-linker /lib64/ld-linux-x86-64.so.2 -o cmTC_3fb33 /bin/../lib/gcc/x86_64-linux-gnu/10/../../../x86_64-linux-gnu/crt1.o /bin/../lib/gcc/x86_64-linux-gnu/10/../../../x86_64-linux-gnu/crti.o /bin/../lib/gcc/x86_64-linux-gnu/10/crtbegin.o -L/bin/../lib/gcc/x86_64-linux-gnu/10 -L/bin/../lib/gcc/x86_64-linux-gnu/10/../../../x86_64-linux-gnu -L/bin/../lib/gcc/x86_64-linux-gnu/10/../../../../lib64 -L/lib/x86_64-linux-gnu -L/lib/../lib64 -L/usr/lib/x86_64-linux-gnu -L/usr/lib/../lib64 -L/usr/lib/x86_64-linux-gnu/../../lib64 -L/bin/../lib/gcc/x86_64-linux-gnu/10/../../.. -L/usr/lib/llvm-12/bin/../lib -L/lib -L/usr/lib CMakeFiles/cmTC_3fb33.dir/CMakeCXXCompilerABI.cpp.o -lstdc++ -lm -lgcc_s -lgcc -lc -lgcc_s -lgcc /bin/../lib/gcc/x86_64-linux-gnu/10/crtend.o /bin/../lib/gcc/x86_64-linux-gnu/10/../../../x86_64-linux-gnu/crtn.o]
    arg [/bin/ld] ==> ignore
    arg [-export-dynamic] ==> ignore
    arg [-zrelro] ==> ignore
    arg [--hash-style=gnu] ==> ignore
    arg [--build-id] ==> ignore
    arg [--eh-frame-hdr] ==> ignore
    arg [-m] ==> ignore
    arg [elf_x86_64] ==> ignore
    arg [-export-dynamic] ==> ignore
    arg [-dynamic-linker] ==> ignore
    arg [/lib64/ld-linux-x86-64.so.2] ==> ignore
    arg [-o] ==> ignore
    arg [cmTC_3fb33] ==> ignore
    arg [/bin/../lib/gcc/x86_64-linux-gnu/10/../../../x86_64-linux-gnu/crt1.o] ==> ignore
    arg [/bin/../lib/gcc/x86_64-linux-gnu/10/../../../x86_64-linux-gnu/crti.o] ==> ignore
    arg [/bin/../lib/gcc/x86_64-linux-gnu/10/crtbegin.o] ==> ignore
    arg [-L/bin/../lib/gcc/x86_64-linux-gnu/10] ==> dir [/bin/../lib/gcc/x86_64-linux-gnu/10]
    arg [-L/bin/../lib/gcc/x86_64-linux-gnu/10/../../../x86_64-linux-gnu] ==> dir [/bin/../lib/gcc/x86_64-linux-gnu/10/../../../x86_64-linux-gnu]
    arg [-L/bin/../lib/gcc/x86_64-linux-gnu/10/../../../../lib64] ==> dir [/bin/../lib/gcc/x86_64-linux-gnu/10/../../../../lib64]
    arg [-L/lib/x86_64-linux-gnu] ==> dir [/lib/x86_64-linux-gnu]
    arg [-L/lib/../lib64] ==> dir [/lib/../lib64]
    arg [-L/usr/lib/x86_64-linux-gnu] ==> dir [/usr/lib/x86_64-linux-gnu]
    arg [-L/usr/lib/../lib64] ==> dir [/usr/lib/../lib64]
    arg [-L/usr/lib/x86_64-linux-gnu/../../lib64] ==> dir [/usr/lib/x86_64-linux-gnu/../../lib64]
    arg [-L/bin/../lib/gcc/x86_64-linux-gnu/10/../../..] ==> dir [/bin/../lib/gcc/x86_64-linux-gnu/10/../../..]
    arg [-L/usr/lib/llvm-12/bin/../lib] ==> dir [/usr/lib/llvm-12/bin/../lib]
    arg [-L/lib] ==> dir [/lib]
    arg [-L/usr/lib] ==> dir [/usr/lib]
    arg [CMakeFiles/cmTC_3fb33.dir/CMakeCXXCompilerABI.cpp.o] ==> ignore
    arg [-lstdc++] ==> lib [stdc++]
    arg [-lm] ==> lib [m]
    arg [-lgcc_s] ==> lib [gcc_s]
    arg [-lgcc] ==> lib [gcc]
    arg [-lc] ==> lib [c]
    arg [-lgcc_s] ==> lib [gcc_s]
    arg [-lgcc] ==> lib [gcc]
    arg [/bin/../lib/gcc/x86_64-linux-gnu/10/crtend.o] ==> ignore
    arg [/bin/../lib/gcc/x86_64-linux-gnu/10/../../../x86_64-linux-gnu/crtn.o] ==> ignore
  collapse library dir [/bin/../lib/gcc/x86_64-linux-gnu/10] ==> [/lib/gcc/x86_64-linux-gnu/10]
  collapse library dir [/bin/../lib/gcc/x86_64-linux-gnu/10/../../../x86_64-linux-gnu] ==> [/lib/x86_64-linux-gnu]
  collapse library dir [/bin/../lib/gcc/x86_64-linux-gnu/10/../../../../lib64] ==> [/lib64]
  collapse library dir [/lib/x86_64-linux-gnu] ==> [/lib/x86_64-linux-gnu]
  collapse library dir [/lib/../lib64] ==> [/lib64]
  collapse library dir [/usr/lib/x86_64-linux-gnu] ==> [/usr/lib/x86_64-linux-gnu]
  collapse library dir [/usr/lib/../lib64] ==> [/usr/lib64]
  collapse library dir [/usr/lib/x86_64-linux-gnu/../../lib64] ==> [/usr/lib64]
  collapse library dir [/bin/../lib/gcc/x86_64-linux-gnu/10/../../..] ==> [/lib]
  collapse library dir [/usr/lib/llvm-12/bin/../lib] ==> [/usr/lib/llvm-12/lib]
  collapse library dir [/lib] ==> [/lib]
  collapse library dir [/usr/lib] ==> [/usr/lib]
  implicit libs: [stdc++;m;gcc_s;gcc;c;gcc_s;gcc]
  implicit dirs: [/lib/gcc/x86_64-linux-gnu/10;/lib/x86_64-linux-gnu;/lib64;/usr/lib/x86_64-linux-gnu;/usr/lib64;/lib;/usr/lib/llvm-12/lib;/usr/lib]
  implicit fwks: []


Determining if the include file pthread.h exists passed with the following output:
Change Dir: /home/sames/Projects/sandbox/build/CMakeFiles/CMakeTmp

Run Build Command(s):/usr/bin/ninja cmTC_dba59 && [1/2] Building C object CMakeFiles/cmTC_dba59.dir/CheckIncludeFile.c.o
[2/2] Linking C executable cmTC_dba59



Determining if the function pthread_create exists in the pthread passed with the following output:
Change Dir: /home/sames/Projects/sandbox/build/CMakeFiles/CMakeTmp

Run Build Command(s):/usr/bin/ninja cmTC_8ddc0 && [1/2] Building C object CMakeFiles/cmTC_8ddc0.dir/CheckFunctionExists.c.o
[2/2] Linking C executable cmTC_8ddc0



Performing C++ SOURCE FILE Test EIGEN_COMPILER_SUPPORT_CPP11 succeeded with the following output:
Change Dir: /home/sames/Projects/sandbox/build/CMakeFiles/CMakeTmp

Run Build Command(s):/usr/bin/ninja cmTC_44737 && [1/2] Building CXX object CMakeFiles/cmTC_44737.dir/src.cxx.o
[2/2] Linking CXX executable cmTC_44737


Source file was:
int main() { return 0; }
Performing C++ SOURCE FILE Test COMPILER_SUPPORT_std=cpp03 succeeded with the following output:
Change Dir: /home/sames/Projects/sandbox/build/CMakeFiles/CMakeTmp

Run Build Command(s):/usr/bin/ninja cmTC_8fd19 && [1/2] Building CXX object CMakeFiles/cmTC_8fd19.dir/src.cxx.o
[2/2] Linking CXX executable cmTC_8fd19


Source file was:
int main() { return 0; }
Performing C++ SOURCE FILE Test standard_math_library_linked_to_automatically succeeded with the following output:
Change Dir: /home/sames/Projects/sandbox/build/CMakeFiles/CMakeTmp

Run Build Command(s):/usr/bin/ninja cmTC_0b50a && [1/2] Building CXX object CMakeFiles/cmTC_0b50a.dir/src.cxx.o
[2/2] Linking CXX executable cmTC_0b50a


Source file was:

#include<cmath>
int main(int argc, char **){
  return int(std::sin(double(argc)) + std::log(double(argc)));
}
Performing C++ SOURCE FILE Test COMPILER_SUPPORT_WERROR succeeded with the following output:
Change Dir: /home/sames/Projects/sandbox/build/CMakeFiles/CMakeTmp

Run Build Command(s):/usr/bin/ninja cmTC_81398 && [1/2] Building CXX object CMakeFiles/cmTC_81398.dir/src.cxx.o
[2/2] Linking CXX executable cmTC_81398


Source file was:
int main() { return 0; }
Performing C++ SOURCE FILE Test COMPILER_SUPPORT_pedantic succeeded with the following output:
Change Dir: /home/sames/Projects/sandbox/build/CMakeFiles/CMakeTmp

Run Build Command(s):/usr/bin/ninja cmTC_8e6f6 && [1/2] Building CXX object CMakeFiles/cmTC_8e6f6.dir/src.cxx.o
[2/2] Linking CXX executable cmTC_8e6f6


Source file was:
int main() { return 0; }
Performing C++ SOURCE FILE Test COMPILER_SUPPORT_Wall succeeded with the following output:
Change Dir: /home/sames/Projects/sandbox/build/CMakeFiles/CMakeTmp

Run Build Command(s):/usr/bin/ninja cmTC_3c843 && [1/2] Building CXX object CMakeFiles/cmTC_3c843.dir/src.cxx.o
[2/2] Linking CXX executable cmTC_3c843


Source file was:
int main() { return 0; }
Performing C++ SOURCE FILE Test COMPILER_SUPPORT_Wextra succeeded with the following output:
Change Dir: /home/sames/Projects/sandbox/build/CMakeFiles/CMakeTmp

Run Build Command(s):/usr/bin/ninja cmTC_544aa && [1/2] Building CXX object CMakeFiles/cmTC_544aa.dir/src.cxx.o
[2/2] Linking CXX executable cmTC_544aa


Source file was:
int main() { return 0; }
Performing C++ SOURCE FILE Test COMPILER_SUPPORT_Wundef succeeded with the following output:
Change Dir: /home/sames/Projects/sandbox/build/CMakeFiles/CMakeTmp

Run Build Command(s):/usr/bin/ninja cmTC_2c6a6 && [1/2] Building CXX object CMakeFiles/cmTC_2c6a6.dir/src.cxx.o
[2/2] Linking CXX executable cmTC_2c6a6


Source file was:
int main() { return 0; }
Performing C++ SOURCE FILE Test COMPILER_SUPPORT_Wcastalign succeeded with the following output:
Change Dir: /home/sames/Projects/sandbox/build/CMakeFiles/CMakeTmp

Run Build Command(s):/usr/bin/ninja cmTC_1ca6d && [1/2] Building CXX object CMakeFiles/cmTC_1ca6d.dir/src.cxx.o
[2/2] Linking CXX executable cmTC_1ca6d


Source file was:
int main() { return 0; }
Performing C++ SOURCE FILE Test COMPILER_SUPPORT_Wcharsubscripts succeeded with the following output:
Change Dir: /home/sames/Projects/sandbox/build/CMakeFiles/CMakeTmp

Run Build Command(s):/usr/bin/ninja cmTC_f40fc && [1/2] Building CXX object CMakeFiles/cmTC_f40fc.dir/src.cxx.o
[2/2] Linking CXX executable cmTC_f40fc


Source file was:
int main() { return 0; }
Performing C++ SOURCE FILE Test COMPILER_SUPPORT_Wnonvirtualdtor succeeded with the following output:
Change Dir: /home/sames/Projects/sandbox/build/CMakeFiles/CMakeTmp

Run Build Command(s):/usr/bin/ninja cmTC_b1aea && [1/2] Building CXX object CMakeFiles/cmTC_b1aea.dir/src.cxx.o
[2/2] Linking CXX executable cmTC_b1aea


Source file was:
int main() { return 0; }
Performing C++ SOURCE FILE Test COMPILER_SUPPORT_Wunusedlocaltypedefs succeeded with the following output:
Change Dir: /home/sames/Projects/sandbox/build/CMakeFiles/CMakeTmp

Run Build Command(s):/usr/bin/ninja cmTC_cb462 && [1/2] Building CXX object CMakeFiles/cmTC_cb462.dir/src.cxx.o
[2/2] Linking CXX executable cmTC_cb462


Source file was:
int main() { return 0; }
Performing C++ SOURCE FILE Test COMPILER_SUPPORT_Wpointerarith succeeded with the following output:
Change Dir: /home/sames/Projects/sandbox/build/CMakeFiles/CMakeTmp

Run Build Command(s):/usr/bin/ninja cmTC_34855 && [1/2] Building CXX object CMakeFiles/cmTC_34855.dir/src.cxx.o
[2/2] Linking CXX executable cmTC_34855


Source file was:
int main() { return 0; }
Performing C++ SOURCE FILE Test COMPILER_SUPPORT_Wwritestrings succeeded with the following output:
Change Dir: /home/sames/Projects/sandbox/build/CMakeFiles/CMakeTmp

Run Build Command(s):/usr/bin/ninja cmTC_f1e24 && [1/2] Building CXX object CMakeFiles/cmTC_f1e24.dir/src.cxx.o
[2/2] Linking CXX executable cmTC_f1e24


Source file was:
int main() { return 0; }
Performing C++ SOURCE FILE Test COMPILER_SUPPORT_Wformatsecurity succeeded with the following output:
Change Dir: /home/sames/Projects/sandbox/build/CMakeFiles/CMakeTmp

Run Build Command(s):/usr/bin/ninja cmTC_a7bfe && [1/2] Building CXX object CMakeFiles/cmTC_a7bfe.dir/src.cxx.o
[2/2] Linking CXX executable cmTC_a7bfe


Source file was:
int main() { return 0; }
Performing C++ SOURCE FILE Test COMPILER_SUPPORT_Wshorten64to32 succeeded with the following output:
Change Dir: /home/sames/Projects/sandbox/build/CMakeFiles/CMakeTmp

Run Build Command(s):/usr/bin/ninja cmTC_2a155 && [1/2] Building CXX object CMakeFiles/cmTC_2a155.dir/src.cxx.o
[2/2] Linking CXX executable cmTC_2a155


Source file was:
int main() { return 0; }
Performing C++ SOURCE FILE Test COMPILER_SUPPORT_Wenumconversion succeeded with the following output:
Change Dir: /home/sames/Projects/sandbox/build/CMakeFiles/CMakeTmp

Run Build Command(s):/usr/bin/ninja cmTC_e06e2 && [1/2] Building CXX object CMakeFiles/cmTC_e06e2.dir/src.cxx.o
[2/2] Linking CXX executable cmTC_e06e2


Source file was:
int main() { return 0; }
Performing C++ SOURCE FILE Test COMPILER_SUPPORT_Wcpp11extensions succeeded with the following output:
Change Dir: /home/sames/Projects/sandbox/build/CMakeFiles/CMakeTmp

Run Build Command(s):/usr/bin/ninja cmTC_60a1a && [1/2] Building CXX object CMakeFiles/cmTC_60a1a.dir/src.cxx.o
[2/2] Linking CXX executable cmTC_60a1a


Source file was:
int main() { return 0; }
Performing C++ SOURCE FILE Test COMPILER_SUPPORT_Wdoublepromotion succeeded with the following output:
Change Dir: /home/sames/Projects/sandbox/build/CMakeFiles/CMakeTmp

Run Build Command(s):/usr/bin/ninja cmTC_7bbd4 && [1/2] Building CXX object CMakeFiles/cmTC_7bbd4.dir/src.cxx.o
[2/2] Linking CXX executable cmTC_7bbd4


Source file was:
int main() { return 0; }
Performing C++ SOURCE FILE Test COMPILER_SUPPORT_Wshadow succeeded with the following output:
Change Dir: /home/sames/Projects/sandbox/build/CMakeFiles/CMakeTmp

Run Build Command(s):/usr/bin/ninja cmTC_e0099 && [1/2] Building CXX object CMakeFiles/cmTC_e0099.dir/src.cxx.o
[2/2] Linking CXX executable cmTC_e0099


Source file was:
int main() { return 0; }
Performing C++ SOURCE FILE Test COMPILER_SUPPORT_Wnopsabi succeeded with the following output:
Change Dir: /home/sames/Projects/sandbox/build/CMakeFiles/CMakeTmp

Run Build Command(s):/usr/bin/ninja cmTC_2d1e0 && [1/2] Building CXX object CMakeFiles/cmTC_2d1e0.dir/src.cxx.o
[2/2] Linking CXX executable cmTC_2d1e0


Source file was:
int main() { return 0; }
Performing C++ SOURCE FILE Test COMPILER_SUPPORT_Wnovariadicmacros succeeded with the following output:
Change Dir: /home/sames/Projects/sandbox/build/CMakeFiles/CMakeTmp

Run Build Command(s):/usr/bin/ninja cmTC_eead5 && [1/2] Building CXX object CMakeFiles/cmTC_eead5.dir/src.cxx.o
[2/2] Linking CXX executable cmTC_eead5


Source file was:
int main() { return 0; }
Performing C++ SOURCE FILE Test COMPILER_SUPPORT_Wnolonglong succeeded with the following output:
Change Dir: /home/sames/Projects/sandbox/build/CMakeFiles/CMakeTmp

Run Build Command(s):/usr/bin/ninja cmTC_81f44 && [1/2] Building CXX object CMakeFiles/cmTC_81f44.dir/src.cxx.o
[2/2] Linking CXX executable cmTC_81f44


Source file was:
int main() { return 0; }
Performing C++ SOURCE FILE Test COMPILER_SUPPORT_fnochecknew succeeded with the following output:
Change Dir: /home/sames/Projects/sandbox/build/CMakeFiles/CMakeTmp

Run Build Command(s):/usr/bin/ninja cmTC_157b0 && [1/2] Building CXX object CMakeFiles/cmTC_157b0.dir/src.cxx.o
[2/2] Linking CXX executable cmTC_157b0


Source file was:
int main() { return 0; }
Performing C++ SOURCE FILE Test COMPILER_SUPPORT_fnocommon succeeded with the following output:
Change Dir: /home/sames/Projects/sandbox/build/CMakeFiles/CMakeTmp

Run Build Command(s):/usr/bin/ninja cmTC_3904d && [1/2] Building CXX object CMakeFiles/cmTC_3904d.dir/src.cxx.o
[2/2] Linking CXX executable cmTC_3904d


Source file was:
int main() { return 0; }
Performing C++ SOURCE FILE Test COMPILER_SUPPORT_fstrictaliasing succeeded with the following output:
Change Dir: /home/sames/Projects/sandbox/build/CMakeFiles/CMakeTmp

Run Build Command(s):/usr/bin/ninja cmTC_80f1f && [1/2] Building CXX object CMakeFiles/cmTC_80f1f.dir/src.cxx.o
[2/2] Linking CXX executable cmTC_80f1f


Source file was:
int main() { return 0; }
Performing C++ SOURCE FILE Test COMPILER_SUPPORT_Qunusedarguments succeeded with the following output:
Change Dir: /home/sames/Projects/sandbox/build/CMakeFiles/CMakeTmp

Run Build Command(s):/usr/bin/ninja cmTC_85fa6 && [1/2] Building CXX object CMakeFiles/cmTC_85fa6.dir/src.cxx.o
[2/2] Linking CXX executable cmTC_85fa6


Source file was:
int main() { return 0; }
Performing C++ SOURCE FILE Test COMPILER_SUPPORT_ansi succeeded with the following output:
Change Dir: /home/sames/Projects/sandbox/build/CMakeFiles/CMakeTmp

Run Build Command(s):/usr/bin/ninja cmTC_10117 && [1/2] Building CXX object CMakeFiles/cmTC_10117.dir/src.cxx.o
[2/2] Linking CXX executable cmTC_10117


Source file was:
int main() { return 0; }
Performing C++ SOURCE FILE Test COMPILER_SUPPORT_OPENMP succeeded with the following output:
Change Dir: /home/sames/Projects/sandbox/build/CMakeFiles/CMakeTmp

Run Build Command(s):/usr/bin/ninja cmTC_1441e && [1/2] Building CXX object CMakeFiles/cmTC_1441e.dir/src.cxx.o
[2/2] Linking CXX executable cmTC_1441e


Source file was:
int main() { return 0; }
Performing C++ SOURCE FILE Test COMPILER_SUPPORT_FASTMATH succeeded with the following output:
Change Dir: /home/sames/Projects/sandbox/build/CMakeFiles/CMakeTmp

Run Build Command(s):/usr/bin/ninja cmTC_bbbd9 && [1/2] Building CXX object CMakeFiles/cmTC_bbbd9.dir/src.cxx.o
[2/2] Linking CXX executable cmTC_bbbd9


Source file was:
int main() { return 0; }
Performing C++ SOURCE FILE Test HAVE_CXX_FLAG_STD_CXX11 succeeded with the following output:
Change Dir: /home/sames/Projects/sandbox/build/CMakeFiles/CMakeTmp

Run Build Command(s):/usr/bin/ninja cmTC_5531b && [1/2] Building CXX object CMakeFiles/cmTC_5531b.dir/src.cxx.o
[2/2] Linking CXX executable cmTC_5531b


Source file was:
int main() { return 0; }
Performing C++ SOURCE FILE Test HAVE_CXX_FLAG_WALL succeeded with the following output:
Change Dir: /home/sames/Projects/sandbox/build/CMakeFiles/CMakeTmp

Run Build Command(s):/usr/bin/ninja cmTC_1c7e3 && [1/2] Building CXX object CMakeFiles/cmTC_1c7e3.dir/src.cxx.o
[2/2] Linking CXX executable cmTC_1c7e3


Source file was:
int main() { return 0; }
Performing C++ SOURCE FILE Test HAVE_CXX_FLAG_WEXTRA succeeded with the following output:
Change Dir: /home/sames/Projects/sandbox/build/CMakeFiles/CMakeTmp

Run Build Command(s):/usr/bin/ninja cmTC_673a4 && [1/2] Building CXX object CMakeFiles/cmTC_673a4.dir/src.cxx.o
[2/2] Linking CXX executable cmTC_673a4


Source file was:
int main() { return 0; }
Performing C++ SOURCE FILE Test HAVE_CXX_FLAG_WSHADOW succeeded with the following output:
Change Dir: /home/sames/Projects/sandbox/build/CMakeFiles/CMakeTmp

Run Build Command(s):/usr/bin/ninja cmTC_2e555 && [1/2] Building CXX object CMakeFiles/cmTC_2e555.dir/src.cxx.o
[2/2] Linking CXX executable cmTC_2e555


Source file was:
int main() { return 0; }
Performing C++ SOURCE FILE Test HAVE_CXX_FLAG_WERROR succeeded with the following output:
Change Dir: /home/sames/Projects/sandbox/build/CMakeFiles/CMakeTmp

Run Build Command(s):/usr/bin/ninja cmTC_e3597 && [1/2] Building CXX object CMakeFiles/cmTC_e3597.dir/src.cxx.o
[2/2] Linking CXX executable cmTC_e3597


Source file was:
int main() { return 0; }
Performing C++ SOURCE FILE Test HAVE_CXX_FLAG_WSHORTEN_64_TO_32 succeeded with the following output:
Change Dir: /home/sames/Projects/sandbox/build/CMakeFiles/CMakeTmp

Run Build Command(s):/usr/bin/ninja cmTC_7839e && [1/2] Building CXX object CMakeFiles/cmTC_7839e.dir/src.cxx.o
[2/2] Linking CXX executable cmTC_7839e


Source file was:
int main() { return 0; }
Performing C++ SOURCE FILE Test HAVE_CXX_FLAG_FSTRICT_ALIASING succeeded with the following output:
Change Dir: /home/sames/Projects/sandbox/build/CMakeFiles/CMakeTmp

Run Build Command(s):/usr/bin/ninja cmTC_65f33 && [1/2] Building CXX object CMakeFiles/cmTC_65f33.dir/src.cxx.o
[2/2] Linking CXX executable cmTC_65f33


Source file was:
int main() { return 0; }
Performing C++ SOURCE FILE Test HAVE_CXX_FLAG_WNO_DEPRECATED_DECLARATIONS succeeded with the following output:
Change Dir: /home/sames/Projects/sandbox/build/CMakeFiles/CMakeTmp

Run Build Command(s):/usr/bin/ninja cmTC_d8497 && [1/2] Building CXX object CMakeFiles/cmTC_d8497.dir/src.cxx.o
[2/2] Linking CXX executable cmTC_d8497


Source file was:
int main() { return 0; }
Performing C++ SOURCE FILE Test HAVE_CXX_FLAG_WNO_DEPRECATED succeeded with the following output:
Change Dir: /home/sames/Projects/sandbox/build/CMakeFiles/CMakeTmp

Run Build Command(s):/usr/bin/ninja cmTC_da37e && [1/2] Building CXX object CMakeFiles/cmTC_da37e.dir/src.cxx.o
[2/2] Linking CXX executable cmTC_da37e


Source file was:
int main() { return 0; }
Performing C++ SOURCE FILE Test HAVE_CXX_FLAG_WSTRICT_ALIASING succeeded with the following output:
Change Dir: /home/sames/Projects/sandbox/build/CMakeFiles/CMakeTmp

Run Build Command(s):/usr/bin/ninja cmTC_24ff5 && [1/2] Building CXX object CMakeFiles/cmTC_24ff5.dir/src.cxx.o
[2/2] Linking CXX executable cmTC_24ff5


Source file was:
int main() { return 0; }
Performing C++ SOURCE FILE Test HAVE_CXX_FLAG_WTHREAD_SAFETY succeeded with the following output:
Change Dir: /home/sames/Projects/sandbox/build/CMakeFiles/CMakeTmp

Run Build Command(s):/usr/bin/ninja cmTC_84f08 && [1/2] Building CXX object CMakeFiles/cmTC_84f08.dir/src.cxx.o
[2/2] Linking CXX executable cmTC_84f08


Source file was:
int main() { return 0; }
Performing C++ SOURCE FILE Test HAVE_CXX_FLAG_COVERAGE succeeded with the following output:
Change Dir: /home/sames/Projects/sandbox/build/CMakeFiles/CMakeTmp

Run Build Command(s):/usr/bin/ninja cmTC_95bfb && [1/2] Building CXX object CMakeFiles/cmTC_95bfb.dir/src.cxx.o
[2/2] Linking CXX executable cmTC_95bfb


Source file was:
int main() { return 0; }
Performing C++ SOURCE FILE Test BENCHMARK_HAS_O3_FLAG succeeded with the following output:
Change Dir: /home/sames/Projects/sandbox/build/CMakeFiles/CMakeTmp

Run Build Command(s):/usr/bin/ninja cmTC_56a19 && [1/2] Building CXX object CMakeFiles/cmTC_56a19.dir/src.cxx.o
[2/2] Linking CXX executable cmTC_56a19


Source file was:
int main() { return 0; }
Performing C++ SOURCE FILE Test BENCHMARK_HAS_CXX03_FLAG succeeded with the following output:
Change Dir: /home/sames/Projects/sandbox/build/CMakeFiles/CMakeTmp

Run Build Command(s):/usr/bin/ninja cmTC_c9f82 && [1/2] Building CXX object CMakeFiles/cmTC_c9f82.dir/src.cxx.o
[2/2] Linking CXX executable cmTC_c9f82


Source file was:
int main() { return 0; }
Performing C++ SOURCE FILE Test BENCHMARK_HAS_WNO_ODR succeeded with the following output:
Change Dir: /home/sames/Projects/sandbox/build/CMakeFiles/CMakeTmp

Run Build Command(s):/usr/bin/ninja cmTC_9ad1a && [1/2] Building CXX object CMakeFiles/cmTC_9ad1a.dir/src.cxx.o
[2/2] Linking CXX executable cmTC_9ad1a


Source file was:
int main() { return 0; }
Performing C++ SOURCE FILE Test COMPILER_SUPPORT_std=cpp03 succeeded with the following output:
Change Dir: /home/sames/Projects/sandbox/build/CMakeFiles/CMakeTmp

Run Build Command(s):/usr/bin/ninja cmTC_f30da && [1/2] Building CXX object CMakeFiles/cmTC_f30da.dir/src.cxx.o
[2/2] Linking CXX executable cmTC_f30da


Source file was:
int main() { return 0; }
Performing C++ SOURCE FILE Test COMPILER_SUPPORT_std=cpp03 succeeded with the following output:
Change Dir: /home/sames/Projects/sandbox/build/CMakeFiles/CMakeTmp

Run Build Command(s):/usr/bin/ninja cmTC_17440 && [1/2] Building CXX object CMakeFiles/cmTC_17440.dir/src.cxx.o
[2/2] Linking CXX executable cmTC_17440


Source file was:
int main() { return 0; }
Performing C++ SOURCE FILE Test COMPILER_SUPPORT_std=cpp03 succeeded with the following output:
Change Dir: /home/sames/Projects/sandbox/build/CMakeFiles/CMakeTmp

Run Build Command(s):/usr/bin/ninja cmTC_c383a && [1/2] Building CXX object CMakeFiles/cmTC_c383a.dir/src.cxx.o
[2/2] Linking CXX executable cmTC_c383a


Source file was:
int main() { return 0; }
Determining if the function sgemm_ exists passed with the following output:
Change Dir: /home/sames/Projects/sandbox/build/CMakeFiles/CMakeTmp

Run Build Command(s):/usr/bin/ninja cmTC_45b98 && [1/2] Building C object CMakeFiles/cmTC_45b98.dir/CheckFunctionExists.c.o
[2/2] Linking C executable cmTC_45b98



Determining if the function cheev_ exists passed with the following output:
Change Dir: /home/sames/Projects/sandbox/build/CMakeFiles/CMakeTmp

Run Build Command(s):/usr/bin/ninja cmTC_be9e2 && [1/2] Building C object CMakeFiles/cmTC_be9e2.dir/CheckFunctionExists.c.o
[2/2] Linking C executable cmTC_be9e2



Performing C++ SOURCE FILE Test COMPILER_SUPPORT_std=cpp03 succeeded with the following output:
Change Dir: /home/sames/Projects/sandbox/build/CMakeFiles/CMakeTmp

Run Build Command(s):/usr/bin/ninja cmTC_01540 && [1/2] Building CXX object CMakeFiles/cmTC_01540.dir/src.cxx.o
[2/2] Linking CXX executable cmTC_01540


Source file was:
int main() { return 0; }
Determining if the function sgemm_ exists passed with the following output:
Change Dir: /home/sames/Projects/sandbox/build/CMakeFiles/CMakeTmp

Run Build Command(s):/usr/bin/ninja cmTC_b0e02 && [1/2] Building C object CMakeFiles/cmTC_b0e02.dir/CheckFunctionExists.c.o
[2/2] Linking C executable cmTC_b0e02



Performing C++ SOURCE FILE Test COMPILER_SUPPORT_std=cpp03 succeeded with the following output:
Change Dir: /home/sames/Projects/sandbox/build/CMakeFiles/CMakeTmp

Run Build Command(s):/usr/bin/ninja cmTC_e3d69 && [1/2] Building CXX object CMakeFiles/cmTC_e3d69.dir/src.cxx.o
[2/2] Linking CXX executable cmTC_e3d69


Source file was:
int main() { return 0; }
Determining if the function sgemm_ exists passed with the following output:
Change Dir: /home/sames/Projects/sandbox/build/CMakeFiles/CMakeTmp

Run Build Command(s):/usr/bin/ninja cmTC_28261 && [1/2] Building C object CMakeFiles/cmTC_28261.dir/CheckFunctionExists.c.o
[2/2] Linking C executable cmTC_28261



Performing C++ SOURCE FILE Test COMPILER_SUPPORT_std=cpp03 succeeded with the following output:
Change Dir: /home/sames/Projects/sandbox/build/CMakeFiles/CMakeTmp

Run Build Command(s):/usr/bin/ninja cmTC_df592 && [1/2] Building CXX object CMakeFiles/cmTC_df592.dir/src.cxx.o
[2/2] Linking CXX executable cmTC_df592


Source file was:
int main() { return 0; }
Determining if the function sgemm_ exists passed with the following output:
Change Dir: /home/sames/Projects/sandbox/build/CMakeFiles/CMakeTmp

Run Build Command(s):/usr/bin/ninja cmTC_565c4 && [1/2] Building C object CMakeFiles/cmTC_565c4.dir/CheckFunctionExists.c.o
[2/2] Linking C executable cmTC_565c4



Performing C++ SOURCE FILE Test COMPILER_SUPPORT_std=cpp03 succeeded with the following output:
Change Dir: /home/sames/Projects/sandbox/build/CMakeFiles/CMakeTmp

Run Build Command(s):/usr/bin/ninja cmTC_1b509 && [1/2] Building CXX object CMakeFiles/cmTC_1b509.dir/src.cxx.o
[2/2] Linking CXX executable cmTC_1b509


Source file was:
int main() { return 0; }
Determining if the function sgemm_ exists passed with the following output:
Change Dir: /home/sames/Projects/sandbox/build/CMakeFiles/CMakeTmp

Run Build Command(s):/usr/bin/ninja cmTC_d8258 && [1/2] Building C object CMakeFiles/cmTC_d8258.dir/CheckFunctionExists.c.o
[2/2] Linking C executable cmTC_d8258



Performing C++ SOURCE FILE Test COMPILER_SUPPORT_std=cpp03 succeeded with the following output:
Change Dir: /home/sames/Projects/sandbox/build/CMakeFiles/CMakeTmp

Run Build Command(s):/usr/bin/ninja cmTC_cdf47 && [1/2] Building CXX object CMakeFiles/cmTC_cdf47.dir/src.cxx.o
[2/2] Linking CXX executable cmTC_cdf47


Source file was:
int main() { return 0; }
Determining if the function sgemm_ exists passed with the following output:
Change Dir: /home/sames/Projects/sandbox/build/CMakeFiles/CMakeTmp

Run Build Command(s):/usr/bin/ninja cmTC_53700 && [1/2] Building C object CMakeFiles/cmTC_53700.dir/CheckFunctionExists.c.o
[2/2] Linking C executable cmTC_53700



Performing C++ SOURCE FILE Test COMPILER_SUPPORT_std=cpp03 succeeded with the following output:
Change Dir: /home/sames/Projects/sandbox/build/CMakeFiles/CMakeTmp

Run Build Command(s):/usr/bin/ninja cmTC_71359 && [1/2] Building CXX object CMakeFiles/cmTC_71359.dir/src.cxx.o
[2/2] Linking CXX executable cmTC_71359


Source file was:
int main() { return 0; }
Determining if the function sgemm_ exists passed with the following output:
Change Dir: /home/sames/Projects/sandbox/build/CMakeFiles/CMakeTmp

Run Build Command(s):/usr/bin/ninja cmTC_a3e03 && [1/2] Building C object CMakeFiles/cmTC_a3e03.dir/CheckFunctionExists.c.o
[2/2] Linking C executable cmTC_a3e03



Performing C++ SOURCE FILE Test COMPILER_SUPPORT_std=cpp03 succeeded with the following output:
Change Dir: /home/sames/Projects/sandbox/build/CMakeFiles/CMakeTmp

Run Build Command(s):/usr/bin/ninja cmTC_90c60 && [1/2] Building CXX object CMakeFiles/cmTC_90c60.dir/src.cxx.o
[2/2] Linking CXX executable cmTC_90c60


Source file was:
int main() { return 0; }
Determining if the function sgemm_ exists passed with the following output:
Change Dir: /home/sames/Projects/sandbox/build/CMakeFiles/CMakeTmp

Run Build Command(s):/usr/bin/ninja cmTC_e1f83 && [1/2] Building C object CMakeFiles/cmTC_e1f83.dir/CheckFunctionExists.c.o
[2/2] Linking C executable cmTC_e1f83



